<?xml version="1.0" encoding="UTF-8"?>
<!-- Generated by org.testng.reporters.JUnitXMLReporter -->
<testsuite ignored="0" hostname="LAPTOP-76JOHB1V" failures="0" tests="6" name="Default test" time="11.142" errors="0" timestamp="2025-07-01T01:17:53 AST">
  <testcase classname="MyTestCases" name="login" time="0.309"/>
  <testcase classname="MyTestCases" name="addToCart" time="2.134"/>
  <testcase classname="MyTestCases" name="removeFromCart" time="2.144"/>
  <testcase classname="MyTestCases" name="addToCartAfterTheRemove" time="2.114"/>
  <testcase classname="MyTestCases" name="CheckoutProcess" time="0.456"/>
  <testcase classname="MyTestCases" name="logout" time="1.161"/>
</testsuite> <!-- Default test -->
