<?xml version="1.0" encoding="UTF-8"?>
<testng-results ignored="0" total="2" passed="2" failed="0" skipped="0">
  <reporter-output>
  </reporter-output>
  <suite started-at="2025-07-10T00:35:52 AST" name="Default suite" finished-at="2025-07-10T00:35:55 AST" duration-ms="2963">
    <groups>
    </groups>
    <test started-at="2025-07-10T00:35:52 AST" name="Default test" finished-at="2025-07-10T00:35:55 AST" duration-ms="2963">
      <class name="Practice">
        <test-method is-config="true" signature="mySetup()[pri:0, instance:Practice@4c550889]" started-at="2025-07-10T00:35:53 AST" name="mySetup" finished-at="2025-07-10T00:35:55 AST" duration-ms="2244" status="PASS">
          <reporter-output>
          </reporter-output>
        </test-method> <!-- mySetup -->
        <test-method signature="login()[pri:1, instance:Practice@4c550889]" started-at="2025-07-10T00:35:55 AST" name="login" finished-at="2025-07-10T00:35:55 AST" duration-ms="312" status="PASS">
          <reporter-output>
          </reporter-output>
        </test-method> <!-- login -->
        <test-method signature="AddAllItemsToTheCart()[pri:2, instance:Practice@4c550889]" started-at="2025-07-10T00:35:55 AST" name="AddAllItemsToTheCart" finished-at="2025-07-10T00:35:55 AST" duration-ms="346" status="PASS">
          <reporter-output>
          </reporter-output>
        </test-method> <!-- AddAllItemsToTheCart -->
      </class> <!-- Practice -->
    </test> <!-- Default test -->
  </suite> <!-- Default suite -->
</testng-results>
