<?xml version="1.0" encoding="UTF-8"?>
<testng-results ignored="0" total="6" passed="6" failed="0" skipped="0">
  <reporter-output>
  </reporter-output>
  <suite started-at="2025-07-01T01:17:42 AST" name="Default suite" finished-at="2025-07-01T01:17:53 AST" duration-ms="11142">
    <groups>
    </groups>
    <test started-at="2025-07-01T01:17:42 AST" name="Default test" finished-at="2025-07-01T01:17:53 AST" duration-ms="11142">
      <class name="MyTestCases">
        <test-method is-config="true" signature="mySetup()[pri:0, instance:MyTestCases@42f8285e]" started-at="2025-07-01T01:17:42 AST" name="mySetup" finished-at="2025-07-01T01:17:44 AST" duration-ms="2528" status="PASS">
          <reporter-output>
          </reporter-output>
        </test-method> <!-- mySetup -->
        <test-method signature="login()[pri:1, instance:MyTestCases@42f8285e]" started-at="2025-07-01T01:17:44 AST" name="login" finished-at="2025-07-01T01:17:45 AST" duration-ms="309" status="PASS">
          <reporter-output>
          </reporter-output>
        </test-method> <!-- login -->
        <test-method signature="addToCart()[pri:2, instance:MyTestCases@42f8285e]" started-at="2025-07-01T01:17:45 AST" name="addToCart" finished-at="2025-07-01T01:17:47 AST" duration-ms="2134" status="PASS">
          <reporter-output>
          </reporter-output>
        </test-method> <!-- addToCart -->
        <test-method signature="removeFromCart()[pri:3, instance:MyTestCases@42f8285e]" started-at="2025-07-01T01:17:47 AST" name="removeFromCart" finished-at="2025-07-01T01:17:49 AST" duration-ms="2144" status="PASS">
          <reporter-output>
          </reporter-output>
        </test-method> <!-- removeFromCart -->
        <test-method signature="addToCartAfterTheRemove()[pri:4, instance:MyTestCases@42f8285e]" started-at="2025-07-01T01:17:49 AST" name="addToCartAfterTheRemove" finished-at="2025-07-01T01:17:51 AST" duration-ms="2114" status="PASS">
          <reporter-output>
          </reporter-output>
        </test-method> <!-- addToCartAfterTheRemove -->
        <test-method signature="CheckoutProcess()[pri:5, instance:MyTestCases@42f8285e]" started-at="2025-07-01T01:17:51 AST" name="CheckoutProcess" finished-at="2025-07-01T01:17:52 AST" duration-ms="456" status="PASS">
          <reporter-output>
          </reporter-output>
        </test-method> <!-- CheckoutProcess -->
        <test-method signature="logout()[pri:6, instance:MyTestCases@42f8285e]" started-at="2025-07-01T01:17:52 AST" name="logout" finished-at="2025-07-01T01:17:53 AST" duration-ms="1161" status="PASS">
          <reporter-output>
          </reporter-output>
        </test-method> <!-- logout -->
        <test-method is-config="true" signature="AfterThetestIsDone()[pri:0, instance:MyTestCases@42f8285e]" started-at="2025-07-01T01:17:53 AST" name="AfterThetestIsDone" finished-at="2025-07-01T01:17:53 AST" duration-ms="230" status="PASS">
          <reporter-output>
          </reporter-output>
        </test-method> <!-- AfterThetestIsDone -->
      </class> <!-- MyTestCases -->
    </test> <!-- Default test -->
  </suite> <!-- Default suite -->
</testng-results>
